<?xml version="1.0" encoding="UTF-8"?>
<testsuite name="PessoaTest" tests="4" skipped="0" failures="0" errors="0" timestamp="2020-03-16T20:44:51" hostname="Job-Note" time="2.085">
  <properties/>
  <testcase name="create" classname="PessoaTest" time="1.902"/>
  <testcase name="delete" classname="PessoaTest" time="0.051"/>
  <testcase name="update" classname="PessoaTest" time="0.102"/>
  <testcase name="read" classname="PessoaTest" time="0.03"/>
  <system-out><![CDATA[]]></system-out>
  <system-err><![CDATA[]]></system-err>
</testsuite>
