<?xml version="1.0" encoding="UTF-8"?>
<testsuite name="PessoaTest" tests="4" skipped="0" failures="0" errors="0" timestamp="2020-03-16T21:27:42" hostname="Job-Note" time="1.95">
  <properties/>
  <testcase name="create" classname="PessoaTest" time="1.778"/>
  <testcase name="delete" classname="PessoaTest" time="0.045"/>
  <testcase name="update" classname="PessoaTest" time="0.101"/>
  <testcase name="read" classname="PessoaTest" time="0.026"/>
  <system-out><![CDATA[]]></system-out>
  <system-err><![CDATA[]]></system-err>
</testsuite>
